<?xml version="1.0" encoding="UTF-8"?>
<testsuite xmlns:xsi="http://www.w3.org/2001/XMLSchema-instance" xsi:noNamespaceSchemaLocation="https://maven.apache.org/surefire/maven-surefire-plugin/xsd/surefire-test-report.xsd" name="com.wms.WmsApplicationTests" time="3.63" tests="1" errors="0" skipped="0" failures="0">
  <properties>
    <property name="sun.desktop" value="windows"/>
    <property name="awt.toolkit" value="sun.awt.windows.WToolkit"/>
    <property name="file.encoding.pkg" value="sun.io"/>
    <property name="java.specification.version" value="1.8"/>
    <property name="sun.cpu.isalist" value="amd64"/>
    <property name="sun.jnu.encoding" value="GBK"/>
    <property name="java.class.path" value="D:\Project\wms_project\wms\target\test-classes;D:\Project\wms_project\wms\target\classes;D:\DevTools\maven\apache-maven-3.6.1\mvn_repo\org\springframework\boot\spring-boot-starter-web\2.6.7\spring-boot-starter-web-2.6.7.jar;D:\DevTools\maven\apache-maven-3.6.1\mvn_repo\org\springframework\boot\spring-boot-starter\2.6.7\spring-boot-starter-2.6.7.jar;D:\DevTools\maven\apache-maven-3.6.1\mvn_repo\org\springframework\boot\spring-boot\2.6.7\spring-boot-2.6.7.jar;D:\DevTools\maven\apache-maven-3.6.1\mvn_repo\org\springframework\boot\spring-boot-starter-logging\2.6.7\spring-boot-starter-logging-2.6.7.jar;D:\DevTools\maven\apache-maven-3.6.1\mvn_repo\ch\qos\logback\logback-classic\1.2.11\logback-classic-1.2.11.jar;D:\DevTools\maven\apache-maven-3.6.1\mvn_repo\ch\qos\logback\logback-core\1.2.11\logback-core-1.2.11.jar;D:\DevTools\maven\apache-maven-3.6.1\mvn_repo\org\apache\logging\log4j\log4j-to-slf4j\2.17.2\log4j-to-slf4j-2.17.2.jar;D:\DevTools\maven\apache-maven-3.6.1\mvn_repo\org\apache\logging\log4j\log4j-api\2.17.2\log4j-api-2.17.2.jar;D:\DevTools\maven\apache-maven-3.6.1\mvn_repo\org\slf4j\jul-to-slf4j\1.7.36\jul-to-slf4j-1.7.36.jar;D:\DevTools\maven\apache-maven-3.6.1\mvn_repo\jakarta\annotation\jakarta.annotation-api\1.3.5\jakarta.annotation-api-1.3.5.jar;D:\DevTools\maven\apache-maven-3.6.1\mvn_repo\org\yaml\snakeyaml\1.29\snakeyaml-1.29.jar;D:\DevTools\maven\apache-maven-3.6.1\mvn_repo\org\springframework\boot\spring-boot-starter-json\2.6.7\spring-boot-starter-json-2.6.7.jar;D:\DevTools\maven\apache-maven-3.6.1\mvn_repo\com\fasterxml\jackson\core\jackson-databind\2.13.2.1\jackson-databind-2.13.2.1.jar;D:\DevTools\maven\apache-maven-3.6.1\mvn_repo\com\fasterxml\jackson\core\jackson-annotations\2.13.2\jackson-annotations-2.13.2.jar;D:\DevTools\maven\apache-maven-3.6.1\mvn_repo\com\fasterxml\jackson\core\jackson-core\2.13.2\jackson-core-2.13.2.jar;D:\DevTools\maven\apache-maven-3.6.1\mvn_repo\com\fasterxml\jackson\datatype\jackson-datatype-jdk8\2.13.2\jackson-datatype-jdk8-2.13.2.jar;D:\DevTools\maven\apache-maven-3.6.1\mvn_repo\com\fasterxml\jackson\datatype\jackson-datatype-jsr310\2.13.2\jackson-datatype-jsr310-2.13.2.jar;D:\DevTools\maven\apache-maven-3.6.1\mvn_repo\com\fasterxml\jackson\module\jackson-module-parameter-names\2.13.2\jackson-module-parameter-names-2.13.2.jar;D:\DevTools\maven\apache-maven-3.6.1\mvn_repo\org\springframework\boot\spring-boot-starter-tomcat\2.6.7\spring-boot-starter-tomcat-2.6.7.jar;D:\DevTools\maven\apache-maven-3.6.1\mvn_repo\org\apache\tomcat\embed\tomcat-embed-core\9.0.62\tomcat-embed-core-9.0.62.jar;D:\DevTools\maven\apache-maven-3.6.1\mvn_repo\org\apache\tomcat\embed\tomcat-embed-el\9.0.62\tomcat-embed-el-9.0.62.jar;D:\DevTools\maven\apache-maven-3.6.1\mvn_repo\org\apache\tomcat\embed\tomcat-embed-websocket\9.0.62\tomcat-embed-websocket-9.0.62.jar;D:\DevTools\maven\apache-maven-3.6.1\mvn_repo\org\springframework\spring-web\5.3.19\spring-web-5.3.19.jar;D:\DevTools\maven\apache-maven-3.6.1\mvn_repo\org\springframework\spring-beans\5.3.19\spring-beans-5.3.19.jar;D:\DevTools\maven\apache-maven-3.6.1\mvn_repo\org\springframework\spring-webmvc\5.3.19\spring-webmvc-5.3.19.jar;D:\DevTools\maven\apache-maven-3.6.1\mvn_repo\org\springframework\spring-aop\5.3.19\spring-aop-5.3.19.jar;D:\DevTools\maven\apache-maven-3.6.1\mvn_repo\org\springframework\spring-context\5.3.19\spring-context-5.3.19.jar;D:\DevTools\maven\apache-maven-3.6.1\mvn_repo\org\springframework\spring-expression\5.3.19\spring-expression-5.3.19.jar;D:\DevTools\maven\apache-maven-3.6.1\mvn_repo\mysql\mysql-connector-java\8.0.28\mysql-connector-java-8.0.28.jar;D:\DevTools\maven\apache-maven-3.6.1\mvn_repo\org\projectlombok\lombok\1.18.24\lombok-1.18.24.jar;D:\DevTools\maven\apache-maven-3.6.1\mvn_repo\org\springframework\boot\spring-boot-starter-test\2.6.7\spring-boot-starter-test-2.6.7.jar;D:\DevTools\maven\apache-maven-3.6.1\mvn_repo\org\springframework\boot\spring-boot-test\2.6.7\spring-boot-test-2.6.7.jar;D:\DevTools\maven\apache-maven-3.6.1\mvn_repo\org\springframework\boot\spring-boot-test-autoconfigure\2.6.7\spring-boot-test-autoconfigure-2.6.7.jar;D:\DevTools\maven\apache-maven-3.6.1\mvn_repo\com\jayway\jsonpath\json-path\2.6.0\json-path-2.6.0.jar;D:\DevTools\maven\apache-maven-3.6.1\mvn_repo\net\minidev\json-smart\2.4.8\json-smart-2.4.8.jar;D:\DevTools\maven\apache-maven-3.6.1\mvn_repo\net\minidev\accessors-smart\2.4.8\accessors-smart-2.4.8.jar;D:\DevTools\maven\apache-maven-3.6.1\mvn_repo\org\ow2\asm\asm\9.1\asm-9.1.jar;D:\DevTools\maven\apache-maven-3.6.1\mvn_repo\org\slf4j\slf4j-api\1.7.36\slf4j-api-1.7.36.jar;D:\DevTools\maven\apache-maven-3.6.1\mvn_repo\jakarta\xml\bind\jakarta.xml.bind-api\2.3.3\jakarta.xml.bind-api-2.3.3.jar;D:\DevTools\maven\apache-maven-3.6.1\mvn_repo\jakarta\activation\jakarta.activation-api\1.2.2\jakarta.activation-api-1.2.2.jar;D:\DevTools\maven\apache-maven-3.6.1\mvn_repo\org\assertj\assertj-core\3.21.0\assertj-core-3.21.0.jar;D:\DevTools\maven\apache-maven-3.6.1\mvn_repo\org\hamcrest\hamcrest\2.2\hamcrest-2.2.jar;D:\DevTools\maven\apache-maven-3.6.1\mvn_repo\org\junit\jupiter\junit-jupiter\5.8.2\junit-jupiter-5.8.2.jar;D:\DevTools\maven\apache-maven-3.6.1\mvn_repo\org\junit\jupiter\junit-jupiter-api\5.8.2\junit-jupiter-api-5.8.2.jar;D:\DevTools\maven\apache-maven-3.6.1\mvn_repo\org\opentest4j\opentest4j\1.2.0\opentest4j-1.2.0.jar;D:\DevTools\maven\apache-maven-3.6.1\mvn_repo\org\junit\platform\junit-platform-commons\1.8.2\junit-platform-commons-1.8.2.jar;D:\DevTools\maven\apache-maven-3.6.1\mvn_repo\org\apiguardian\apiguardian-api\1.1.2\apiguardian-api-1.1.2.jar;D:\DevTools\maven\apache-maven-3.6.1\mvn_repo\org\junit\jupiter\junit-jupiter-params\5.8.2\junit-jupiter-params-5.8.2.jar;D:\DevTools\maven\apache-maven-3.6.1\mvn_repo\org\junit\jupiter\junit-jupiter-engine\5.8.2\junit-jupiter-engine-5.8.2.jar;D:\DevTools\maven\apache-maven-3.6.1\mvn_repo\org\junit\platform\junit-platform-engine\1.8.2\junit-platform-engine-1.8.2.jar;D:\DevTools\maven\apache-maven-3.6.1\mvn_repo\org\mockito\mockito-core\4.0.0\mockito-core-4.0.0.jar;D:\DevTools\maven\apache-maven-3.6.1\mvn_repo\net\bytebuddy\byte-buddy\1.11.22\byte-buddy-1.11.22.jar;D:\DevTools\maven\apache-maven-3.6.1\mvn_repo\net\bytebuddy\byte-buddy-agent\1.11.22\byte-buddy-agent-1.11.22.jar;D:\DevTools\maven\apache-maven-3.6.1\mvn_repo\org\objenesis\objenesis\3.2\objenesis-3.2.jar;D:\DevTools\maven\apache-maven-3.6.1\mvn_repo\org\mockito\mockito-junit-jupiter\4.0.0\mockito-junit-jupiter-4.0.0.jar;D:\DevTools\maven\apache-maven-3.6.1\mvn_repo\org\skyscreamer\jsonassert\1.5.0\jsonassert-1.5.0.jar;D:\DevTools\maven\apache-maven-3.6.1\mvn_repo\com\vaadin\external\google\android-json\0.0.20131108.vaadin1\android-json-0.0.20131108.vaadin1.jar;D:\DevTools\maven\apache-maven-3.6.1\mvn_repo\org\springframework\spring-core\5.3.19\spring-core-5.3.19.jar;D:\DevTools\maven\apache-maven-3.6.1\mvn_repo\org\springframework\spring-jcl\5.3.19\spring-jcl-5.3.19.jar;D:\DevTools\maven\apache-maven-3.6.1\mvn_repo\org\springframework\spring-test\5.3.19\spring-test-5.3.19.jar;D:\DevTools\maven\apache-maven-3.6.1\mvn_repo\org\xmlunit\xmlunit-core\2.8.4\xmlunit-core-2.8.4.jar;D:\DevTools\maven\apache-maven-3.6.1\mvn_repo\com\baomidou\mybatis-plus-boot-starter\3.4.1\mybatis-plus-boot-starter-3.4.1.jar;D:\DevTools\maven\apache-maven-3.6.1\mvn_repo\com\baomidou\mybatis-plus\3.4.1\mybatis-plus-3.4.1.jar;D:\DevTools\maven\apache-maven-3.6.1\mvn_repo\org\springframework\boot\spring-boot-autoconfigure\2.6.7\spring-boot-autoconfigure-2.6.7.jar;D:\DevTools\maven\apache-maven-3.6.1\mvn_repo\org\springframework\boot\spring-boot-starter-jdbc\2.6.7\spring-boot-starter-jdbc-2.6.7.jar;D:\DevTools\maven\apache-maven-3.6.1\mvn_repo\com\zaxxer\HikariCP\4.0.3\HikariCP-4.0.3.jar;D:\DevTools\maven\apache-maven-3.6.1\mvn_repo\org\springframework\spring-jdbc\5.3.19\spring-jdbc-5.3.19.jar;D:\DevTools\maven\apache-maven-3.6.1\mvn_repo\org\springframework\spring-tx\5.3.19\spring-tx-5.3.19.jar;D:\DevTools\maven\apache-maven-3.6.1\mvn_repo\com\baomidou\mybatis-plus-generator\3.4.1\mybatis-plus-generator-3.4.1.jar;D:\DevTools\maven\apache-maven-3.6.1\mvn_repo\com\baomidou\mybatis-plus-extension\3.4.1\mybatis-plus-extension-3.4.1.jar;D:\DevTools\maven\apache-maven-3.6.1\mvn_repo\com\baomidou\mybatis-plus-core\3.4.1\mybatis-plus-core-3.4.1.jar;D:\DevTools\maven\apache-maven-3.6.1\mvn_repo\com\baomidou\mybatis-plus-annotation\3.4.1\mybatis-plus-annotation-3.4.1.jar;D:\DevTools\maven\apache-maven-3.6.1\mvn_repo\com\github\jsqlparser\jsqlparser\3.2\jsqlparser-3.2.jar;D:\DevTools\maven\apache-maven-3.6.1\mvn_repo\org\mybatis\mybatis\3.5.6\mybatis-3.5.6.jar;D:\DevTools\maven\apache-maven-3.6.1\mvn_repo\org\mybatis\mybatis-spring\2.0.5\mybatis-spring-2.0.5.jar;D:\DevTools\maven\apache-maven-3.6.1\mvn_repo\org\freemarker\freemarker\2.3.30\freemarker-2.3.30.jar;D:\DevTools\maven\apache-maven-3.6.1\mvn_repo\com\spring4all\spring-boot-starter-swagger\1.5.1.RELEASE\spring-boot-starter-swagger-1.5.1.RELEASE.jar;D:\DevTools\maven\apache-maven-3.6.1\mvn_repo\io\springfox\springfox-swagger-ui\2.7.0\springfox-swagger-ui-2.7.0.jar;D:\DevTools\maven\apache-maven-3.6.1\mvn_repo\io\springfox\springfox-spring-web\2.7.0\springfox-spring-web-2.7.0.jar;D:\DevTools\maven\apache-maven-3.6.1\mvn_repo\org\reflections\reflections\0.9.11\reflections-0.9.11.jar;D:\DevTools\maven\apache-maven-3.6.1\mvn_repo\org\javassist\javassist\3.21.0-GA\javassist-3.21.0-GA.jar;D:\DevTools\maven\apache-maven-3.6.1\mvn_repo\io\springfox\springfox-swagger2\2.7.0\springfox-swagger2-2.7.0.jar;D:\DevTools\maven\apache-maven-3.6.1\mvn_repo\io\swagger\swagger-annotations\1.5.13\swagger-annotations-1.5.13.jar;D:\DevTools\maven\apache-maven-3.6.1\mvn_repo\io\swagger\swagger-models\1.5.13\swagger-models-1.5.13.jar;D:\DevTools\maven\apache-maven-3.6.1\mvn_repo\io\springfox\springfox-spi\2.7.0\springfox-spi-2.7.0.jar;D:\DevTools\maven\apache-maven-3.6.1\mvn_repo\io\springfox\springfox-core\2.7.0\springfox-core-2.7.0.jar;D:\DevTools\maven\apache-maven-3.6.1\mvn_repo\io\springfox\springfox-schema\2.7.0\springfox-schema-2.7.0.jar;D:\DevTools\maven\apache-maven-3.6.1\mvn_repo\io\springfox\springfox-swagger-common\2.7.0\springfox-swagger-common-2.7.0.jar;D:\DevTools\maven\apache-maven-3.6.1\mvn_repo\com\google\guava\guava\18.0\guava-18.0.jar;D:\DevTools\maven\apache-maven-3.6.1\mvn_repo\com\fasterxml\classmate\1.5.1\classmate-1.5.1.jar;D:\DevTools\maven\apache-maven-3.6.1\mvn_repo\org\springframework\plugin\spring-plugin-core\1.2.0.RELEASE\spring-plugin-core-1.2.0.RELEASE.jar;D:\DevTools\maven\apache-maven-3.6.1\mvn_repo\org\springframework\plugin\spring-plugin-metadata\1.2.0.RELEASE\spring-plugin-metadata-1.2.0.RELEASE.jar;D:\DevTools\maven\apache-maven-3.6.1\mvn_repo\org\mapstruct\mapstruct\1.1.0.Final\mapstruct-1.1.0.Final.jar;D:\DevTools\maven\apache-maven-3.6.1\mvn_repo\io\springfox\springfox-bean-validators\2.7.0\springfox-bean-validators-2.7.0.jar;"/>
    <property name="java.vm.vendor" value="Oracle Corporation"/>
    <property name="sun.arch.data.model" value="64"/>
    <property name="user.variant" value=""/>
    <property name="java.vendor.url" value="http://java.oracle.com/"/>
    <property name="user.timezone" value="Asia/Shanghai"/>
    <property name="java.vm.specification.version" value="1.8"/>
    <property name="os.name" value="Windows 10"/>
    <property name="user.country" value="CN"/>
    <property name="sun.java.launcher" value="SUN_STANDARD"/>
    <property name="sun.boot.library.path" value="D:\Program Files\Java\jdk1.8.0_102\jre\bin"/>
    <property name="sun.java.command" value="C:\Users\97972\AppData\Local\Temp\surefire7000668945653120155\surefirebooter4856042583578320839.jar C:\Users\97972\AppData\Local\Temp\surefire7000668945653120155 2025-06-03T16-59-48_700-jvmRun1 surefire744831276623148105tmp surefire_02621234064505962659tmp"/>
    <property name="surefire.test.class.path" value="D:\Project\wms_project\wms\target\test-classes;D:\Project\wms_project\wms\target\classes;D:\DevTools\maven\apache-maven-3.6.1\mvn_repo\org\springframework\boot\spring-boot-starter-web\2.6.7\spring-boot-starter-web-2.6.7.jar;D:\DevTools\maven\apache-maven-3.6.1\mvn_repo\org\springframework\boot\spring-boot-starter\2.6.7\spring-boot-starter-2.6.7.jar;D:\DevTools\maven\apache-maven-3.6.1\mvn_repo\org\springframework\boot\spring-boot\2.6.7\spring-boot-2.6.7.jar;D:\DevTools\maven\apache-maven-3.6.1\mvn_repo\org\springframework\boot\spring-boot-starter-logging\2.6.7\spring-boot-starter-logging-2.6.7.jar;D:\DevTools\maven\apache-maven-3.6.1\mvn_repo\ch\qos\logback\logback-classic\1.2.11\logback-classic-1.2.11.jar;D:\DevTools\maven\apache-maven-3.6.1\mvn_repo\ch\qos\logback\logback-core\1.2.11\logback-core-1.2.11.jar;D:\DevTools\maven\apache-maven-3.6.1\mvn_repo\org\apache\logging\log4j\log4j-to-slf4j\2.17.2\log4j-to-slf4j-2.17.2.jar;D:\DevTools\maven\apache-maven-3.6.1\mvn_repo\org\apache\logging\log4j\log4j-api\2.17.2\log4j-api-2.17.2.jar;D:\DevTools\maven\apache-maven-3.6.1\mvn_repo\org\slf4j\jul-to-slf4j\1.7.36\jul-to-slf4j-1.7.36.jar;D:\DevTools\maven\apache-maven-3.6.1\mvn_repo\jakarta\annotation\jakarta.annotation-api\1.3.5\jakarta.annotation-api-1.3.5.jar;D:\DevTools\maven\apache-maven-3.6.1\mvn_repo\org\yaml\snakeyaml\1.29\snakeyaml-1.29.jar;D:\DevTools\maven\apache-maven-3.6.1\mvn_repo\org\springframework\boot\spring-boot-starter-json\2.6.7\spring-boot-starter-json-2.6.7.jar;D:\DevTools\maven\apache-maven-3.6.1\mvn_repo\com\fasterxml\jackson\core\jackson-databind\2.13.2.1\jackson-databind-2.13.2.1.jar;D:\DevTools\maven\apache-maven-3.6.1\mvn_repo\com\fasterxml\jackson\core\jackson-annotations\2.13.2\jackson-annotations-2.13.2.jar;D:\DevTools\maven\apache-maven-3.6.1\mvn_repo\com\fasterxml\jackson\core\jackson-core\2.13.2\jackson-core-2.13.2.jar;D:\DevTools\maven\apache-maven-3.6.1\mvn_repo\com\fasterxml\jackson\datatype\jackson-datatype-jdk8\2.13.2\jackson-datatype-jdk8-2.13.2.jar;D:\DevTools\maven\apache-maven-3.6.1\mvn_repo\com\fasterxml\jackson\datatype\jackson-datatype-jsr310\2.13.2\jackson-datatype-jsr310-2.13.2.jar;D:\DevTools\maven\apache-maven-3.6.1\mvn_repo\com\fasterxml\jackson\module\jackson-module-parameter-names\2.13.2\jackson-module-parameter-names-2.13.2.jar;D:\DevTools\maven\apache-maven-3.6.1\mvn_repo\org\springframework\boot\spring-boot-starter-tomcat\2.6.7\spring-boot-starter-tomcat-2.6.7.jar;D:\DevTools\maven\apache-maven-3.6.1\mvn_repo\org\apache\tomcat\embed\tomcat-embed-core\9.0.62\tomcat-embed-core-9.0.62.jar;D:\DevTools\maven\apache-maven-3.6.1\mvn_repo\org\apache\tomcat\embed\tomcat-embed-el\9.0.62\tomcat-embed-el-9.0.62.jar;D:\DevTools\maven\apache-maven-3.6.1\mvn_repo\org\apache\tomcat\embed\tomcat-embed-websocket\9.0.62\tomcat-embed-websocket-9.0.62.jar;D:\DevTools\maven\apache-maven-3.6.1\mvn_repo\org\springframework\spring-web\5.3.19\spring-web-5.3.19.jar;D:\DevTools\maven\apache-maven-3.6.1\mvn_repo\org\springframework\spring-beans\5.3.19\spring-beans-5.3.19.jar;D:\DevTools\maven\apache-maven-3.6.1\mvn_repo\org\springframework\spring-webmvc\5.3.19\spring-webmvc-5.3.19.jar;D:\DevTools\maven\apache-maven-3.6.1\mvn_repo\org\springframework\spring-aop\5.3.19\spring-aop-5.3.19.jar;D:\DevTools\maven\apache-maven-3.6.1\mvn_repo\org\springframework\spring-context\5.3.19\spring-context-5.3.19.jar;D:\DevTools\maven\apache-maven-3.6.1\mvn_repo\org\springframework\spring-expression\5.3.19\spring-expression-5.3.19.jar;D:\DevTools\maven\apache-maven-3.6.1\mvn_repo\mysql\mysql-connector-java\8.0.28\mysql-connector-java-8.0.28.jar;D:\DevTools\maven\apache-maven-3.6.1\mvn_repo\org\projectlombok\lombok\1.18.24\lombok-1.18.24.jar;D:\DevTools\maven\apache-maven-3.6.1\mvn_repo\org\springframework\boot\spring-boot-starter-test\2.6.7\spring-boot-starter-test-2.6.7.jar;D:\DevTools\maven\apache-maven-3.6.1\mvn_repo\org\springframework\boot\spring-boot-test\2.6.7\spring-boot-test-2.6.7.jar;D:\DevTools\maven\apache-maven-3.6.1\mvn_repo\org\springframework\boot\spring-boot-test-autoconfigure\2.6.7\spring-boot-test-autoconfigure-2.6.7.jar;D:\DevTools\maven\apache-maven-3.6.1\mvn_repo\com\jayway\jsonpath\json-path\2.6.0\json-path-2.6.0.jar;D:\DevTools\maven\apache-maven-3.6.1\mvn_repo\net\minidev\json-smart\2.4.8\json-smart-2.4.8.jar;D:\DevTools\maven\apache-maven-3.6.1\mvn_repo\net\minidev\accessors-smart\2.4.8\accessors-smart-2.4.8.jar;D:\DevTools\maven\apache-maven-3.6.1\mvn_repo\org\ow2\asm\asm\9.1\asm-9.1.jar;D:\DevTools\maven\apache-maven-3.6.1\mvn_repo\org\slf4j\slf4j-api\1.7.36\slf4j-api-1.7.36.jar;D:\DevTools\maven\apache-maven-3.6.1\mvn_repo\jakarta\xml\bind\jakarta.xml.bind-api\2.3.3\jakarta.xml.bind-api-2.3.3.jar;D:\DevTools\maven\apache-maven-3.6.1\mvn_repo\jakarta\activation\jakarta.activation-api\1.2.2\jakarta.activation-api-1.2.2.jar;D:\DevTools\maven\apache-maven-3.6.1\mvn_repo\org\assertj\assertj-core\3.21.0\assertj-core-3.21.0.jar;D:\DevTools\maven\apache-maven-3.6.1\mvn_repo\org\hamcrest\hamcrest\2.2\hamcrest-2.2.jar;D:\DevTools\maven\apache-maven-3.6.1\mvn_repo\org\junit\jupiter\junit-jupiter\5.8.2\junit-jupiter-5.8.2.jar;D:\DevTools\maven\apache-maven-3.6.1\mvn_repo\org\junit\jupiter\junit-jupiter-api\5.8.2\junit-jupiter-api-5.8.2.jar;D:\DevTools\maven\apache-maven-3.6.1\mvn_repo\org\opentest4j\opentest4j\1.2.0\opentest4j-1.2.0.jar;D:\DevTools\maven\apache-maven-3.6.1\mvn_repo\org\junit\platform\junit-platform-commons\1.8.2\junit-platform-commons-1.8.2.jar;D:\DevTools\maven\apache-maven-3.6.1\mvn_repo\org\apiguardian\apiguardian-api\1.1.2\apiguardian-api-1.1.2.jar;D:\DevTools\maven\apache-maven-3.6.1\mvn_repo\org\junit\jupiter\junit-jupiter-params\5.8.2\junit-jupiter-params-5.8.2.jar;D:\DevTools\maven\apache-maven-3.6.1\mvn_repo\org\junit\jupiter\junit-jupiter-engine\5.8.2\junit-jupiter-engine-5.8.2.jar;D:\DevTools\maven\apache-maven-3.6.1\mvn_repo\org\junit\platform\junit-platform-engine\1.8.2\junit-platform-engine-1.8.2.jar;D:\DevTools\maven\apache-maven-3.6.1\mvn_repo\org\mockito\mockito-core\4.0.0\mockito-core-4.0.0.jar;D:\DevTools\maven\apache-maven-3.6.1\mvn_repo\net\bytebuddy\byte-buddy\1.11.22\byte-buddy-1.11.22.jar;D:\DevTools\maven\apache-maven-3.6.1\mvn_repo\net\bytebuddy\byte-buddy-agent\1.11.22\byte-buddy-agent-1.11.22.jar;D:\DevTools\maven\apache-maven-3.6.1\mvn_repo\org\objenesis\objenesis\3.2\objenesis-3.2.jar;D:\DevTools\maven\apache-maven-3.6.1\mvn_repo\org\mockito\mockito-junit-jupiter\4.0.0\mockito-junit-jupiter-4.0.0.jar;D:\DevTools\maven\apache-maven-3.6.1\mvn_repo\org\skyscreamer\jsonassert\1.5.0\jsonassert-1.5.0.jar;D:\DevTools\maven\apache-maven-3.6.1\mvn_repo\com\vaadin\external\google\android-json\0.0.20131108.vaadin1\android-json-0.0.20131108.vaadin1.jar;D:\DevTools\maven\apache-maven-3.6.1\mvn_repo\org\springframework\spring-core\5.3.19\spring-core-5.3.19.jar;D:\DevTools\maven\apache-maven-3.6.1\mvn_repo\org\springframework\spring-jcl\5.3.19\spring-jcl-5.3.19.jar;D:\DevTools\maven\apache-maven-3.6.1\mvn_repo\org\springframework\spring-test\5.3.19\spring-test-5.3.19.jar;D:\DevTools\maven\apache-maven-3.6.1\mvn_repo\org\xmlunit\xmlunit-core\2.8.4\xmlunit-core-2.8.4.jar;D:\DevTools\maven\apache-maven-3.6.1\mvn_repo\com\baomidou\mybatis-plus-boot-starter\3.4.1\mybatis-plus-boot-starter-3.4.1.jar;D:\DevTools\maven\apache-maven-3.6.1\mvn_repo\com\baomidou\mybatis-plus\3.4.1\mybatis-plus-3.4.1.jar;D:\DevTools\maven\apache-maven-3.6.1\mvn_repo\org\springframework\boot\spring-boot-autoconfigure\2.6.7\spring-boot-autoconfigure-2.6.7.jar;D:\DevTools\maven\apache-maven-3.6.1\mvn_repo\org\springframework\boot\spring-boot-starter-jdbc\2.6.7\spring-boot-starter-jdbc-2.6.7.jar;D:\DevTools\maven\apache-maven-3.6.1\mvn_repo\com\zaxxer\HikariCP\4.0.3\HikariCP-4.0.3.jar;D:\DevTools\maven\apache-maven-3.6.1\mvn_repo\org\springframework\spring-jdbc\5.3.19\spring-jdbc-5.3.19.jar;D:\DevTools\maven\apache-maven-3.6.1\mvn_repo\org\springframework\spring-tx\5.3.19\spring-tx-5.3.19.jar;D:\DevTools\maven\apache-maven-3.6.1\mvn_repo\com\baomidou\mybatis-plus-generator\3.4.1\mybatis-plus-generator-3.4.1.jar;D:\DevTools\maven\apache-maven-3.6.1\mvn_repo\com\baomidou\mybatis-plus-extension\3.4.1\mybatis-plus-extension-3.4.1.jar;D:\DevTools\maven\apache-maven-3.6.1\mvn_repo\com\baomidou\mybatis-plus-core\3.4.1\mybatis-plus-core-3.4.1.jar;D:\DevTools\maven\apache-maven-3.6.1\mvn_repo\com\baomidou\mybatis-plus-annotation\3.4.1\mybatis-plus-annotation-3.4.1.jar;D:\DevTools\maven\apache-maven-3.6.1\mvn_repo\com\github\jsqlparser\jsqlparser\3.2\jsqlparser-3.2.jar;D:\DevTools\maven\apache-maven-3.6.1\mvn_repo\org\mybatis\mybatis\3.5.6\mybatis-3.5.6.jar;D:\DevTools\maven\apache-maven-3.6.1\mvn_repo\org\mybatis\mybatis-spring\2.0.5\mybatis-spring-2.0.5.jar;D:\DevTools\maven\apache-maven-3.6.1\mvn_repo\org\freemarker\freemarker\2.3.30\freemarker-2.3.30.jar;D:\DevTools\maven\apache-maven-3.6.1\mvn_repo\com\spring4all\spring-boot-starter-swagger\1.5.1.RELEASE\spring-boot-starter-swagger-1.5.1.RELEASE.jar;D:\DevTools\maven\apache-maven-3.6.1\mvn_repo\io\springfox\springfox-swagger-ui\2.7.0\springfox-swagger-ui-2.7.0.jar;D:\DevTools\maven\apache-maven-3.6.1\mvn_repo\io\springfox\springfox-spring-web\2.7.0\springfox-spring-web-2.7.0.jar;D:\DevTools\maven\apache-maven-3.6.1\mvn_repo\org\reflections\reflections\0.9.11\reflections-0.9.11.jar;D:\DevTools\maven\apache-maven-3.6.1\mvn_repo\org\javassist\javassist\3.21.0-GA\javassist-3.21.0-GA.jar;D:\DevTools\maven\apache-maven-3.6.1\mvn_repo\io\springfox\springfox-swagger2\2.7.0\springfox-swagger2-2.7.0.jar;D:\DevTools\maven\apache-maven-3.6.1\mvn_repo\io\swagger\swagger-annotations\1.5.13\swagger-annotations-1.5.13.jar;D:\DevTools\maven\apache-maven-3.6.1\mvn_repo\io\swagger\swagger-models\1.5.13\swagger-models-1.5.13.jar;D:\DevTools\maven\apache-maven-3.6.1\mvn_repo\io\springfox\springfox-spi\2.7.0\springfox-spi-2.7.0.jar;D:\DevTools\maven\apache-maven-3.6.1\mvn_repo\io\springfox\springfox-core\2.7.0\springfox-core-2.7.0.jar;D:\DevTools\maven\apache-maven-3.6.1\mvn_repo\io\springfox\springfox-schema\2.7.0\springfox-schema-2.7.0.jar;D:\DevTools\maven\apache-maven-3.6.1\mvn_repo\io\springfox\springfox-swagger-common\2.7.0\springfox-swagger-common-2.7.0.jar;D:\DevTools\maven\apache-maven-3.6.1\mvn_repo\com\google\guava\guava\18.0\guava-18.0.jar;D:\DevTools\maven\apache-maven-3.6.1\mvn_repo\com\fasterxml\classmate\1.5.1\classmate-1.5.1.jar;D:\DevTools\maven\apache-maven-3.6.1\mvn_repo\org\springframework\plugin\spring-plugin-core\1.2.0.RELEASE\spring-plugin-core-1.2.0.RELEASE.jar;D:\DevTools\maven\apache-maven-3.6.1\mvn_repo\org\springframework\plugin\spring-plugin-metadata\1.2.0.RELEASE\spring-plugin-metadata-1.2.0.RELEASE.jar;D:\DevTools\maven\apache-maven-3.6.1\mvn_repo\org\mapstruct\mapstruct\1.1.0.Final\mapstruct-1.1.0.Final.jar;D:\DevTools\maven\apache-maven-3.6.1\mvn_repo\io\springfox\springfox-bean-validators\2.7.0\springfox-bean-validators-2.7.0.jar;"/>
    <property name="sun.cpu.endian" value="little"/>
    <property name="user.home" value="C:\Users\97972"/>
    <property name="user.language" value="zh"/>
    <property name="java.specification.vendor" value="Oracle Corporation"/>
    <property name="java.home" value="D:\Program Files\Java\jdk1.8.0_102\jre"/>
    <property name="basedir" value="D:\Project\wms_project\wms"/>
    <property name="file.separator" value="\"/>
    <property name="line.separator" value="&#10;"/>
    <property name="java.vm.specification.vendor" value="Oracle Corporation"/>
    <property name="java.specification.name" value="Java Platform API Specification"/>
    <property name="java.awt.graphicsenv" value="sun.awt.Win32GraphicsEnvironment"/>
    <property name="idea.version2020.1.2" value="true"/>
    <property name="surefire.real.class.path" value="C:\Users\97972\AppData\Local\Temp\surefire7000668945653120155\surefirebooter4856042583578320839.jar"/>
    <property name="sun.boot.class.path" value="D:\Program Files\Java\jdk1.8.0_102\jre\lib\resources.jar;D:\Program Files\Java\jdk1.8.0_102\jre\lib\rt.jar;D:\Program Files\Java\jdk1.8.0_102\jre\lib\sunrsasign.jar;D:\Program Files\Java\jdk1.8.0_102\jre\lib\jsse.jar;D:\Program Files\Java\jdk1.8.0_102\jre\lib\jce.jar;D:\Program Files\Java\jdk1.8.0_102\jre\lib\charsets.jar;D:\Program Files\Java\jdk1.8.0_102\jre\lib\jfr.jar;D:\Program Files\Java\jdk1.8.0_102\jre\classes"/>
    <property name="user.script" value=""/>
    <property name="sun.management.compiler" value="HotSpot 64-Bit Tiered Compilers"/>
    <property name="java.runtime.version" value="1.8.0_102-b14"/>
    <property name="user.name" value="97972"/>
    <property name="path.separator" value=";"/>
    <property name="os.version" value="10.0"/>
    <property name="java.endorsed.dirs" value="D:\Program Files\Java\jdk1.8.0_102\jre\lib\endorsed"/>
    <property name="java.runtime.name" value="Java(TM) SE Runtime Environment"/>
    <property name="file.encoding" value="GBK"/>
    <property name="java.vm.name" value="Java HotSpot(TM) 64-Bit Server VM"/>
    <property name="localRepository" value="D:\DevTools\maven\apache-maven-3.6.1\mvn_repo"/>
    <property name="java.vendor.url.bug" value="http://bugreport.sun.com/bugreport/"/>
    <property name="java.io.tmpdir" value="C:\Users\97972\AppData\Local\Temp\"/>
    <property name="java.version" value="1.8.0_102"/>
    <property name="user.dir" value="D:\Project\wms_project\wms"/>
    <property name="os.arch" value="amd64"/>
    <property name="java.vm.specification.name" value="Java Virtual Machine Specification"/>
    <property name="java.awt.printerjob" value="sun.awt.windows.WPrinterJob"/>
    <property name="sun.os.patch.level" value=""/>
    <property name="java.library.path" value="D:\Program Files\Java\jdk1.8.0_102\jre\bin;C:\Windows\Sun\Java\bin;C:\Windows\system32;C:\Windows;C:\ProgramData\Oracle\Java\javapath;C:\Windows\system32;C:\Windows;C:\Windows\System32\Wbem;C:\Windows\System32\WindowsPowerShell\v1.0\;C:\Windows\System32\OpenSSH\;C:\Program Files (x86)\NVIDIA Corporation\PhysX\Common;C:\Program Files\NVIDIA Corporation\NVIDIA NvDLISR;C:\Windows\system32;C:\Windows;C:\Windows\System32\Wbem;C:\Windows\System32\WindowsPowerShell\v1.0\;C:\Windows\System32\OpenSSH\;C:\Program Files\dotnet\;D:\Program Files\Java\jdk1.8.0_102\bin;D:\DevTools\mysql\mysql-8.0.42-winx64\bin;D:\Program Files (x86)\Tencent\微信web开发者工具\dll;D:\Pro;ram Files (x86)\Tencent\微信web开发者工具2\dll;D:\Pr;gram Files\Git\cmd;D:\Program Files\Git\cmd;D:\DevTools\maven\apache-maven-3.6.1\bin;D:\Program Files\nodejs\;C:\Users\97972\AppData\Roaming\npm;D:\Program Files\nodejs\global;C:\Users\97972\AppData\Local\Microsoft\WindowsApps;C:\Users\97972\AppData\Roaming\npm;D:\DevTools\Microsoft VS Code\bin;."/>
    <property name="java.vm.info" value="mixed mode"/>
    <property name="java.vendor" value="Oracle Corporation"/>
    <property name="java.vm.version" value="25.102-b14"/>
    <property name="java.ext.dirs" value="D:\Program Files\Java\jdk1.8.0_102\jre\lib\ext;C:\Windows\Sun\Java\lib\ext"/>
    <property name="sun.io.unicode.encoding" value="UnicodeLittle"/>
    <property name="java.class.version" value="52.0"/>
  </properties>
  <testcase name="contextLoads" classname="com.wms.WmsApplicationTests" time="0.284"/>
</testsuite>